TN:
SF:script/Deployer.s.sol
FN:17,Deployer.run
FNDA:0,Deployer.run
FN:19,Deployer.deploy
FNDA:0,Deployer.deploy
DA:20,0
DA:21,0
DA:22,0
DA:23,0
DA:24,0
DA:26,0
DA:27,0
DA:28,0
FN:32,Deployer.deployTemplateProxy
FNDA:0,Deployer.deployTemplateProxy
DA:33,0
DA:34,0
FNF:3
FNH:0
LF:10
LH:0
BRF:0
BRH:0
end_of_record
TN:
SF:script/Encoder.s.sol
FN:12,Encoder.run
FNDA:0,Encoder.run
DA:13,0
DA:14,0
DA:15,0
DA:17,0
DA:18,0
DA:20,0
DA:21,0
FN:24,Encoder._encodeNftDetails
FNDA:0,Encoder._encodeNftDetails
DA:25,0
FNF:2
FNH:0
LF:8
LH:0
BRF:0
BRH:0
end_of_record
TN:
SF:script/Utils.sol
FN:15,Utils._initCollection
FNDA:0,Utils._initCollection
DA:16,0
DA:17,0
DA:18,0
FN:22,Utils._getMintingUserLists
FNDA:0,Utils._getMintingUserLists
DA:26,0
DA:27,0
DA:28,0
DA:29,0
DA:30,0
DA:31,0
FN:46,Utils._getMintingStages
FNDA:0,Utils._getMintingStages
DA:47,0
DA:48,0
DA:49,0
DA:50,0
DA:51,0
DA:52,0
DA:53,0
DA:54,0
DA:55,0
DA:56,0
DA:57,0
DA:58,0
DA:59,0
FN:62,Utils.
FNDA:0,Utils.
FNF:4
FNH:0
LF:22
LH:0
BRF:0
BRH:0
end_of_record
TN:
SF:src/MvxCollection.sol
FN:46,MvxCollection.initialize
FNDA:1,MvxCollection.initialize
DA:53,1
DA:54,1
DA:56,1
DA:57,1
DA:58,1
DA:63,1
DA:64,1
DA:67,1
DA:68,1
DA:69,1
DA:71,1
DA:72,1
DA:73,1
DA:74,1
DA:77,1
DA:78,1
DA:79,1
DA:80,1
DA:83,1
DA:84,1
DA:85,1
DA:86,1
DA:89,1
DA:90,1
DA:91,1
DA:92,1
DA:94,1
DA:95,1
DA:96,1
DA:99,1
FN:105,MvxCollection.mintForOwner
FNDA:0,MvxCollection.mintForOwner
DA:106,0
BRDA:106,0,0,-
BRDA:106,0,1,-
DA:107,0
DA:108,0
FN:114,MvxCollection.mintForOG
FNDA:256,MvxCollection.mintForOG
DA:115,256
DA:116,256
BRDA:116,1,0,-
BRDA:116,1,1,256
DA:117,256
BRDA:117,2,0,-
BRDA:117,2,1,256
DA:118,256
DA:119,256
FN:125,MvxCollection.mintForWhitelist
FNDA:256,MvxCollection.mintForWhitelist
DA:126,256
DA:127,256
BRDA:127,3,0,-
BRDA:127,3,1,256
DA:128,256
BRDA:128,4,0,-
BRDA:128,4,1,256
DA:129,256
DA:130,256
FN:136,MvxCollection.mintForRegular
FNDA:512,MvxCollection.mintForRegular
DA:137,512
DA:138,512
BRDA:138,5,0,-
BRDA:138,5,1,512
DA:139,512
BRDA:139,6,0,-
BRDA:139,6,1,512
DA:140,512
DA:141,512
FN:150,MvxCollection._internalSafeMint
FNDA:1024,MvxCollection._internalSafeMint
DA:157,1024
BRDA:157,7,0,-
BRDA:157,7,1,1024
DA:159,1024
DA:160,1024
DA:162,1024
BRDA:162,8,0,-
BRDA:162,8,1,1024
DA:165,1024
DA:167,1024
FN:172,MvxCollection.quoteOgMints
FNDA:0,MvxCollection.quoteOgMints
DA:173,0
DA:174,0
FN:179,MvxCollection.quoteWLMints
FNDA:0,MvxCollection.quoteWLMints
DA:180,0
DA:181,0
FN:186,MvxCollection.quoteMints
FNDA:0,MvxCollection.quoteMints
DA:187,0
DA:188,0
FN:193,MvxCollection._calculateFee
FNDA:0,MvxCollection._calculateFee
DA:195,0
FN:199,MvxCollection.royaltyInfo
FNDA:256,MvxCollection.royaltyInfo
DA:206,256
DA:207,256
FN:210,MvxCollection.updateRoyaltyFee
FNDA:0,MvxCollection.updateRoyaltyFee
DA:211,0
FN:214,MvxCollection.tokenURI
FNDA:768,MvxCollection.tokenURI
DA:215,768
BRDA:215,9,0,-
BRDA:215,9,1,768
DA:217,768
DA:219,768
FN:224,MvxCollection.setBaseURI
FNDA:0,MvxCollection.setBaseURI
DA:225,0
FN:228,MvxCollection.getMintCountOf
FNDA:0,MvxCollection.getMintCountOf
DA:229,0
FN:232,MvxCollection.setBaseExtension
FNDA:0,MvxCollection.setBaseExtension
DA:233,0
FN:236,MvxCollection.burn
FNDA:0,MvxCollection.burn
DA:237,0
BRDA:237,10,0,-
BRDA:237,10,1,-
DA:239,0
DA:241,0
FN:245,MvxCollection.withdraw
FNDA:0,MvxCollection.withdraw
DA:246,0
FN:249,MvxCollection.supportsInterface
FNDA:0,MvxCollection.supportsInterface
DA:255,0
DA:256,0
FN:259,MvxCollection.version
FNDA:0,MvxCollection.version
DA:260,0
FNF:20
FNH:7
LF:77
LH:56
BRF:22
BRH:9
end_of_record
TN:
SF:src/MvxFactory.sol
FN:52,MvxFactory.
FNDA:0,MvxFactory.
DA:53,0
FN:74,MvxFactory.updateMintFee
FNDA:0,MvxFactory.updateMintFee
DA:75,0
FN:81,MvxFactory.setCollectionImpl
FNDA:1,MvxFactory.setCollectionImpl
DA:82,1
BRDA:82,0,0,1
BRDA:82,0,1,-
DA:83,1
DA:85,0
FN:90,MvxFactory.transferOwnerShip
FNDA:0,MvxFactory.transferOwnerShip
DA:91,0
BRDA:91,1,0,-
BRDA:91,1,1,-
DA:92,0
FN:97,MvxFactory.withdraw
FNDA:0,MvxFactory.withdraw
DA:98,0
FN:103,MvxFactory.updateDeployFee
FNDA:0,MvxFactory.updateDeployFee
DA:104,0
BRDA:104,2,0,-
BRDA:104,2,1,-
DA:105,0
FN:112,MvxFactory.updateMember
FNDA:257,MvxFactory.updateMember
DA:113,257
DA:114,257
BRDA:114,3,0,-
BRDA:114,3,1,257
DA:115,257
FN:125,MvxFactory.createCollection
FNDA:1,MvxFactory.createCollection
DA:131,1
BRDA:131,4,0,-
BRDA:131,4,1,1
DA:133,1
DA:135,1
DA:137,1
BRDA:137,5,0,-
BRDA:137,5,1,1
DA:138,1
DA:139,1
DA:141,1
BRDA:141,6,0,-
BRDA:141,6,1,1
DA:142,1
DA:144,1
DA:147,1
DA:156,1
DA:158,1
FN:161,MvxFactory.getTime
FNDA:1,MvxFactory.getTime
DA:162,1
FN:166,MvxFactory.getTime
FNDA:1,MvxFactory.getTime
DA:167,1
FN:170,MvxFactory.totalCollections
FNDA:0,MvxFactory.totalCollections
DA:171,0
FNF:11
FNH:5
LF:28
LH:19
BRF:14
BRH:5
end_of_record
TN:
SF:src/MvxMarket.sol
FN:36,MvxMarket.initialize
FNDA:0,MvxMarket.initialize
DA:37,0
DA:38,0
FN:41,MvxMarket.updateListingPrice
FNDA:0,MvxMarket.updateListingPrice
DA:42,0
FN:49,MvxMarket.listItem
FNDA:768,MvxMarket.listItem
DA:51,768
BRDA:51,0,0,-
BRDA:51,0,1,768
DA:53,768
DA:54,768
BRDA:54,1,0,-
BRDA:54,1,1,768
DA:55,768
BRDA:55,2,0,-
BRDA:55,2,1,768
DA:57,768
BRDA:57,3,0,-
BRDA:57,3,1,768
DA:59,768
FN:66,MvxMarket.onERC721Received
FNDA:768,MvxMarket.onERC721Received
DA:72,768
DA:74,768
DA:75,768
DA:76,768
DA:77,768
DA:78,768
DA:79,768
FN:85,MvxMarket.buyItem
FNDA:512,MvxMarket.buyItem
DA:86,512
DA:87,512
DA:88,512
DA:89,512
BRDA:89,4,0,-
BRDA:89,4,1,256
DA:90,256
BRDA:90,5,0,-
BRDA:90,5,1,256
DA:91,256
DA:92,256
DA:96,256
BRDA:96,6,0,-
BRDA:96,6,1,256
DA:97,256
DA:98,256
FNF:5
FNH:3
LF:26
LH:23
BRF:14
BRH:7
end_of_record
TN:
SF:src/abstracts/MintingStages.sol
FN:43,MintingStages.updateOGMintPrice
FNDA:512,MintingStages.updateOGMintPrice
DA:44,512
BRDA:44,0,0,-
BRDA:44,0,1,512
DA:45,512
FN:48,MintingStages.updateOGMintMax
FNDA:256,MintingStages.updateOGMintMax
DA:49,256
BRDA:49,1,0,-
BRDA:49,1,1,256
DA:50,256
FN:54,MintingStages.updateWhitelistMintPrice
FNDA:512,MintingStages.updateWhitelistMintPrice
DA:55,512
BRDA:55,2,0,-
BRDA:55,2,1,512
DA:56,512
FN:59,MintingStages.updateWLMintMax
FNDA:256,MintingStages.updateWLMintMax
DA:60,256
BRDA:60,3,0,-
BRDA:60,3,1,256
DA:61,256
FN:65,MintingStages.updateMintPrice
FNDA:512,MintingStages.updateMintPrice
DA:66,512
BRDA:66,4,0,-
BRDA:66,4,1,512
DA:67,512
FN:70,MintingStages.updateMintMax
FNDA:256,MintingStages.updateMintMax
DA:71,256
BRDA:71,5,0,-
BRDA:71,5,1,256
DA:72,256
FN:75,MintingStages.updateTime
FNDA:256,MintingStages.updateTime
DA:76,256
BRDA:76,6,0,-
BRDA:76,6,1,256
DA:77,256
DA:78,256
FN:84,MintingStages.updateMinterRoles
FNDA:256,MintingStages.updateMinterRoles
DA:85,258
BRDA:85,7,0,-
BRDA:85,7,1,258
DA:86,258
DA:87,258
BRDA:87,8,0,-
BRDA:87,8,1,20272
DA:88,258
DA:89,33394
BRDA:89,9,0,-
BRDA:89,9,1,33394
DA:90,33394
DA:92,33394
FN:98,MintingStages.encodeNftParams
FNDA:0,MintingStages.encodeNftParams
DA:105,0
FNF:9
FNH:8
LF:23
LH:22
BRF:20
BRH:10
end_of_record
TN:
SF:src/dex/OrderMatcher.sol
FN:65,SwapperByMoonveratest3.createTrade
FNDA:0,SwapperByMoonveratest3.createTrade
DA:66,0
BRDA:66,0,0,-
BRDA:66,0,1,-
DA:68,0
DA:70,0
BRDA:70,1,0,-
BRDA:70,1,1,-
DA:71,0
DA:72,0
BRDA:72,2,0,-
BRDA:72,2,1,-
DA:73,0
DA:74,0
DA:77,0
DA:78,0
DA:80,0
DA:81,0
DA:82,0
DA:83,0
DA:84,0
DA:85,0
DA:86,0
DA:87,0
DA:89,0
DA:91,0
DA:93,0
FN:96,SwapperByMoonveratest3.cancelTrade
FNDA:0,SwapperByMoonveratest3.cancelTrade
DA:97,0
BRDA:97,3,0,-
BRDA:97,3,1,-
DA:98,0
DA:99,0
BRDA:99,4,0,-
BRDA:99,4,1,-
DA:101,0
DA:103,0
DA:104,0
DA:106,0
FN:109,SwapperByMoonveratest3.createOffer
FNDA:0,SwapperByMoonveratest3.createOffer
DA:116,0
BRDA:116,5,0,-
BRDA:116,5,1,-
DA:117,0
DA:118,0
BRDA:118,6,0,-
BRDA:118,6,1,-
DA:119,0
BRDA:119,7,0,-
BRDA:119,7,1,-
DA:120,0
BRDA:120,8,0,-
BRDA:120,8,1,-
DA:121,0
BRDA:121,9,0,-
BRDA:121,9,1,-
DA:122,0
BRDA:122,10,0,-
BRDA:122,10,1,-
DA:127,0
DA:129,0
BRDA:129,11,0,-
BRDA:129,11,1,-
DA:131,0
DA:141,0
DA:143,0
FN:146,SwapperByMoonveratest3.extendTradeDuration
FNDA:0,SwapperByMoonveratest3.extendTradeDuration
DA:147,0
BRDA:147,12,0,-
BRDA:147,12,1,-
DA:148,0
DA:149,0
BRDA:149,13,0,-
BRDA:149,13,1,-
DA:151,0
FN:156,SwapperByMoonveratest3.approveOffer
FNDA:0,SwapperByMoonveratest3.approveOffer
DA:157,0
BRDA:157,14,0,-
BRDA:157,14,1,-
DA:158,0
DA:159,0
DA:161,0
BRDA:161,15,0,-
BRDA:161,15,1,-
DA:162,0
BRDA:162,16,0,-
BRDA:162,16,1,-
DA:164,0
DA:166,0
DA:169,0
FN:172,SwapperByMoonveratest3.cancelOffer
FNDA:0,SwapperByMoonveratest3.cancelOffer
DA:173,0
BRDA:173,17,0,-
BRDA:173,17,1,-
DA:174,0
DA:175,0
DA:177,0
BRDA:177,18,0,-
BRDA:177,18,1,-
DA:179,0
BRDA:179,19,0,-
BRDA:179,19,1,-
DA:180,0
DA:183,0
DA:185,0
FN:188,SwapperByMoonveratest3._executeTrade
FNDA:0,SwapperByMoonveratest3._executeTrade
DA:189,0
DA:190,0
DA:192,0
BRDA:192,20,0,-
BRDA:192,20,1,-
DA:193,0
BRDA:193,21,0,-
BRDA:193,21,1,-
DA:194,0
BRDA:194,22,0,-
BRDA:194,22,1,-
DA:195,0
BRDA:195,23,0,-
BRDA:195,23,1,-
DA:196,0
BRDA:196,24,0,-
BRDA:196,24,1,-
DA:199,0
BRDA:199,25,0,-
BRDA:199,25,1,-
DA:201,0
DA:202,0
DA:204,0
DA:206,0
BRDA:206,26,0,-
BRDA:206,26,1,-
DA:207,0
DA:210,0
DA:211,0
BRDA:211,27,0,-
BRDA:211,27,1,-
DA:212,0
DA:213,0
DA:214,0
DA:215,0
BRDA:215,28,0,-
BRDA:215,28,1,-
DA:216,0
DA:220,0
DA:223,0
DA:227,0
DA:230,0
DA:233,0
BRDA:233,29,0,-
BRDA:233,29,1,-
DA:234,0
DA:237,0
FN:241,SwapperByMoonveratest3.onERC721Received
FNDA:0,SwapperByMoonveratest3.onERC721Received
DA:247,0
FN:250,SwapperByMoonveratest3.setPlatformFeeBasisPoints
FNDA:0,SwapperByMoonveratest3.setPlatformFeeBasisPoints
DA:251,0
FN:254,SwapperByMoonveratest3.setPlatformFeeFixed
FNDA:0,SwapperByMoonveratest3.setPlatformFeeFixed
DA:255,0
FN:259,SwapperByMoonveratest3.pause
FNDA:0,SwapperByMoonveratest3.pause
DA:260,0
FN:264,SwapperByMoonveratest3.unpause
FNDA:0,SwapperByMoonveratest3.unpause
DA:265,0
FNF:12
FNH:0
LF:91
LH:0
BRF:60
BRH:0
end_of_record
TN:
SF:src/libs/FullMath.sol
FN:14,FullMath.mulDiv
FNDA:0,FullMath.mulDiv
DA:20,0
DA:21,0
DA:24,0
DA:25,0
DA:29,0
BRDA:29,0,0,-
BRDA:29,0,1,-
DA:30,0
BRDA:30,1,0,-
BRDA:30,1,1,-
DA:32,0
DA:34,0
DA:39,0
BRDA:39,2,0,-
BRDA:39,2,1,-
DA:47,0
DA:49,0
DA:53,0
DA:54,0
DA:61,0
DA:65,0
DA:70,0
DA:76,0
DA:78,0
DA:85,0
DA:89,0
DA:90,0
DA:91,0
DA:92,0
DA:93,0
DA:94,0
DA:102,0
DA:103,0
FN:111,FullMath.mulDivRoundingUp
FNDA:0,FullMath.mulDivRoundingUp
DA:112,0
DA:113,0
BRDA:113,3,0,-
BRDA:113,3,1,-
DA:114,0
BRDA:114,4,0,-
BRDA:114,4,1,-
DA:115,0
FNF:2
FNH:0
LF:31
LH:0
BRF:10
BRH:0
end_of_record
TN:
SF:src/tokens/ERC721A.sol
FN:137,ERC721A.__ERC721A_init
FNDA:1,ERC721A.__ERC721A_init
DA:138,1
DA:139,1
DA:140,1
FN:151,ERC721A._startTokenId
FNDA:1793,ERC721A._startTokenId
DA:152,1793
FN:158,ERC721A._nextTokenId
FNDA:0,ERC721A._nextTokenId
DA:159,0
FN:167,ERC721A.totalSupply
FNDA:0,ERC721A.totalSupply
DA:171,1024
FN:178,ERC721A._totalMinted
FNDA:0,ERC721A._totalMinted
DA:182,0
FN:189,ERC721A._totalBurned
FNDA:0,ERC721A._totalBurned
DA:190,0
FN:200,ERC721A.balanceOf
FNDA:768,ERC721A.balanceOf
DA:201,768
BRDA:201,0,0,-
BRDA:201,0,1,768
DA:202,768
FN:208,ERC721A._numberMinted
FNDA:0,ERC721A._numberMinted
DA:209,0
FN:215,ERC721A._numberBurned
FNDA:0,ERC721A._numberBurned
DA:216,0
FN:222,ERC721A._getAux
FNDA:0,ERC721A._getAux
DA:223,0
FN:230,ERC721A._setAux
FNDA:0,ERC721A._setAux
DA:231,0
DA:232,0
DA:235,0
DA:237,0
DA:238,0
FN:253,ERC721A.supportsInterface
FNDA:0,ERC721A.supportsInterface
DA:258,0
DA:259,0
DA:260,0
FN:270,ERC721A.name
FNDA:0,ERC721A.name
DA:271,0
FN:277,ERC721A.symbol
FNDA:0,ERC721A.symbol
DA:278,0
FN:284,ERC721A.tokenURI
FNDA:0,ERC721A.tokenURI
DA:285,0
BRDA:285,1,0,-
BRDA:285,1,1,-
DA:287,0
DA:288,0
FN:296,ERC721A._baseURI
FNDA:0,ERC721A._baseURI
DA:297,0
FN:311,ERC721A.ownerOf
FNDA:0,ERC721A.ownerOf
DA:312,0
FN:319,ERC721A._ownershipOf
FNDA:0,ERC721A._ownershipOf
DA:320,0
FN:326,ERC721A._ownershipAt
FNDA:0,ERC721A._ownershipAt
DA:327,0
FN:334,ERC721A._ownershipIsInitialized
FNDA:0,ERC721A._ownershipIsInitialized
DA:335,0
FN:341,ERC721A._initializeOwnershipAt
FNDA:0,ERC721A._initializeOwnershipAt
DA:342,0
BRDA:342,2,0,-
BRDA:342,2,1,-
DA:343,0
FN:350,ERC721A._packedOwnershipOf
FNDA:0,ERC721A._packedOwnershipOf
DA:351,0
BRDA:351,3,0,-
BRDA:351,3,1,-
DA:352,0
DA:354,0
BRDA:354,4,0,-
BRDA:354,4,1,-
DA:355,0
BRDA:355,5,0,-
BRDA:355,5,1,-
DA:356,0
DA:369,0
DA:371,0
BRDA:371,6,0,-
BRDA:371,6,1,-
DA:372,0
BRDA:372,7,0,-
BRDA:372,7,1,-
DA:376,0
DA:383,0
BRDA:383,8,0,-
BRDA:383,8,1,-
DA:385,0
FN:391,ERC721A._unpackedOwnership
FNDA:0,ERC721A._unpackedOwnership
DA:392,0
DA:393,0
DA:394,0
DA:395,0
FN:401,ERC721A._packOwnershipData
FNDA:1024,ERC721A._packOwnershipData
DA:404,1024
DA:406,1024
FN:413,ERC721A._nextInitializedFlag
FNDA:1024,ERC721A._nextInitializedFlag
DA:417,1024
FN:432,ERC721A.approve
FNDA:0,ERC721A.approve
DA:433,0
FN:443,ERC721A.getApproved
FNDA:0,ERC721A.getApproved
DA:444,0
BRDA:444,9,0,-
BRDA:444,9,1,-
DA:445,0
DA:448,0
FN:462,ERC721A.setApprovalForAll
FNDA:0,ERC721A.setApprovalForAll
DA:463,0
DA:464,0
FN:472,ERC721A.isApprovedForAll
FNDA:0,ERC721A.isApprovedForAll
DA:473,0
FN:483,ERC721A._exists
FNDA:768,ERC721A._exists
DA:484,768
BRDA:484,10,0,1109
BRDA:484,10,1,768
DA:485,768
BRDA:485,11,0,1109
BRDA:485,11,1,768
DA:486,768
DA:487,1877
DA:488,768
FN:496,ERC721A._isSenderApprovedOrOwner
FNDA:0,ERC721A._isSenderApprovedOrOwner
DA:503,0
DA:505,0
DA:507,0
FN:514,ERC721A._getApprovedSlotAndAddress
FNDA:0,ERC721A._getApprovedSlotAndAddress
DA:519,0
DA:522,0
DA:523,0
FN:544,ERC721A.transferFrom
FNDA:0,ERC721A.transferFrom
DA:545,0
DA:548,0
DA:550,0
BRDA:550,12,0,-
BRDA:550,12,1,-
DA:551,0
DA:554,0
DA:557,0
BRDA:557,13,0,-
BRDA:557,13,1,-
DA:558,0
BRDA:558,14,0,-
BRDA:558,14,1,-
DA:559,0
DA:563,0
DA:567,0
BRDA:567,15,0,-
DA:578,0
DA:579,0
DA:586,0
DA:590,0
BRDA:590,16,0,-
BRDA:590,16,1,-
DA:591,0
DA:593,0
BRDA:593,17,0,-
BRDA:593,17,1,-
DA:595,0
BRDA:595,18,0,-
BRDA:595,18,1,-
DA:597,0
DA:604,0
DA:616,0
BRDA:616,19,0,-
BRDA:616,19,1,-
DA:618,0
FN:624,ERC721A.safeTransferFrom
FNDA:0,ERC721A.safeTransferFrom
DA:625,0
FN:643,ERC721A.safeTransferFrom
FNDA:0,ERC721A.safeTransferFrom
DA:649,0
DA:650,0
BRDA:650,20,0,-
BRDA:650,20,1,-
DA:651,0
BRDA:651,21,0,-
BRDA:651,21,1,-
DA:652,0
FN:673,ERC721A._beforeTokenTransfers
FNDA:1024,ERC721A._beforeTokenTransfers
FN:691,ERC721A._afterTokenTransfers
FNDA:1024,ERC721A._afterTokenTransfers
FN:703,ERC721A._checkContractOnERC721Received
FNDA:0,ERC721A._checkContractOnERC721Received
DA:707,0
FN:735,ERC721A._mint
FNDA:1024,ERC721A._mint
DA:736,1024
DA:737,1024
BRDA:737,22,0,-
BRDA:737,22,1,1024
DA:739,1024
DA:750,1024
DA:758,1024
DA:761,1024
DA:763,1024
BRDA:763,23,0,-
BRDA:763,23,1,1024
DA:765,1024
DA:766,1024
DA:782,3344
DA:784,1024
DA:786,1024
FN:810,ERC721A._mintERC2309
FNDA:0,ERC721A._mintERC2309
DA:811,0
DA:812,0
BRDA:812,24,0,-
BRDA:812,24,1,-
DA:813,0
BRDA:813,25,0,-
BRDA:813,25,1,-
DA:814,0
BRDA:814,26,0,-
BRDA:814,26,1,-
DA:815,0
DA:818,0
DA:827,0
DA:834,0
DA:837,0
DA:839,0
DA:841,0
FN:857,ERC721A._safeMint
FNDA:1024,ERC721A._safeMint
DA:858,1024
DA:861,1024
BRDA:861,27,0,-
BRDA:861,27,1,-
DA:862,0
DA:863,0
DA:868,0
BRDA:865,28,0,-
BRDA:865,28,1,-
DA:870,0
BRDA:870,29,0,-
BRDA:870,29,1,-
FN:878,ERC721A._safeMint
FNDA:1024,ERC721A._safeMint
DA:879,1024
FN:889,ERC721A._approve
FNDA:0,ERC721A._approve
DA:890,0
FN:906,ERC721A._approve
FNDA:0,ERC721A._approve
DA:907,0
DA:909,0
BRDA:909,30,0,-
BRDA:909,30,1,-
DA:910,0
BRDA:910,31,0,-
BRDA:910,31,1,-
DA:911,0
DA:915,0
DA:916,0
FN:926,ERC721A._burn
FNDA:0,ERC721A._burn
DA:927,0
FN:940,ERC721A._burn
FNDA:0,ERC721A._burn
DA:941,0
DA:943,0
DA:945,0
DA:947,0
BRDA:947,32,0,-
BRDA:947,32,1,-
DA:949,0
BRDA:949,33,0,-
BRDA:949,33,1,-
DA:950,0
BRDA:950,34,0,-
BRDA:950,34,1,-
DA:951,0
DA:956,0
DA:960,0
BRDA:960,35,0,-
DA:976,0
DA:983,0
DA:989,0
BRDA:989,36,0,-
BRDA:989,36,1,-
DA:990,0
DA:992,0
BRDA:992,37,0,-
BRDA:992,37,1,-
DA:994,0
BRDA:994,38,0,-
BRDA:994,38,1,-
DA:996,0
DA:1002,0
DA:1003,0
DA:1007,0
FN:1018,ERC721A._setExtraDataAt
FNDA:0,ERC721A._setExtraDataAt
DA:1019,0
DA:1020,0
BRDA:1020,39,0,-
BRDA:1020,39,1,-
DA:1021,0
DA:1024,0
DA:1026,0
DA:1027,0
FN:1044,ERC721A._extraData
FNDA:1024,ERC721A._extraData
FN:1050,ERC721A._nextExtraData
FNDA:1024,ERC721A._nextExtraData
DA:1051,1024
DA:1052,1024
FN:1064,ERC721A._msgSenderERC721A
FNDA:0,ERC721A._msgSenderERC721A
DA:1065,0
FN:1071,ERC721A._toString
FNDA:768,ERC721A._toString
DA:1081,768
DA:1104,768
FN:1113,ERC721A._revert
FNDA:0,ERC721A._revert
FNF:52
FNH:14
LF:164
LH:34
BRF:78
BRH:7
end_of_record
TN:
SF:test/foundry/MvxCollectionTest.t.sol
FN:188,MvxCollectionNotERC721A.supportsInterface
FNDA:1,MvxCollectionNotERC721A.supportsInterface
DA:189,0
FNF:1
FNH:1
LF:1
LH:0
BRF:0
BRH:0
end_of_record
TN:
SF:test/foundry/MvxMarketTest.t.sol
FN:102,ERC20Mock.mint
FNDA:256,ERC20Mock.mint
DA:103,256
FN:110,ERC721Mock.mint
FNDA:768,ERC721Mock.mint
DA:111,768
FN:114,ERC721Mock.tokenURI
FNDA:0,ERC721Mock.tokenURI
DA:115,0
FNF:3
FNH:2
LF:3
LH:2
BRF:0
BRH:0
end_of_record
TN:
SF:test/foundry/helpers/BaseTest.sol
FN:26,BaseTest._initCollectionFromMvxFactory
FNDA:0,BaseTest._initCollectionFromMvxFactory
DA:27,0
DA:28,0
DA:29,0
FN:32,BaseTest._initCollection
FNDA:0,BaseTest._initCollection
DA:33,0
DA:34,0
DA:35,0
FN:40,BaseTest._getMintingUserLists
FNDA:0,BaseTest._getMintingUserLists
DA:44,0
DA:45,0
DA:46,0
DA:47,0
DA:48,0
DA:49,0
FN:52,BaseTest._getMintingStages
FNDA:0,BaseTest._getMintingStages
DA:53,0
DA:54,0
DA:55,0
DA:56,0
DA:57,0
DA:58,0
DA:59,0
DA:60,0
DA:61,0
DA:62,0
DA:63,0
DA:64,0
DA:65,0
FN:68,BaseTest._encodeNftDetails
FNDA:0,BaseTest._encodeNftDetails
DA:69,0
FN:72,BaseTest._encodeNftDetails
FNDA:0,BaseTest._encodeNftDetails
DA:79,0
FNF:6
FNH:0
LF:27
LH:0
BRF:0
BRH:0
end_of_record
