TN:
SF:script/Counter.s.sol
FN:7,CounterScript.setUp
FNDA:0,CounterScript.setUp
FN:9,CounterScript.run
FNDA:0,CounterScript.run
DA:10,0
FNF:2
FNH:0
LF:1
LH:0
BRF:0
BRH:0
end_of_record
TN:
SF:src/Market.sol
FN:30,Market.initialize
FNDA:0,Market.initialize
DA:33,0
DA:34,0
FN:37,Market.updateListingPrice
FNDA:0,Market.updateListingPrice
DA:38,0
FN:44,Market.createMarketItem
FNDA:256,Market.createMarketItem
DA:48,256
BRDA:48,0,0,-
BRDA:48,0,1,256
DA:50,256
DA:51,256
BRDA:51,1,0,-
BRDA:51,1,1,256
DA:52,256
BRDA:52,2,0,-
BRDA:52,2,1,256
DA:54,256
BRDA:54,3,0,-
BRDA:54,3,1,256
DA:56,256
FN:65,Market.onERC721Received
FNDA:256,Market.onERC721Received
DA:71,256
DA:72,256
DA:73,256
DA:75,256
DA:77,256
DA:78,256
FNF:4
FNH:2
LF:15
LH:12
BRF:8
BRH:4
end_of_record
TN:
SF:test/MarketTest.t.sol
FN:65,ERC721Mock.mint
FNDA:256,ERC721Mock.mint
DA:66,256
FN:69,ERC721Mock.tokenURI
FNDA:0,ERC721Mock.tokenURI
DA:70,0
FNF:2
FNH:1
LF:2
LH:1
BRF:0
BRH:0
end_of_record
